-- The C compiler identification is GNU 11.4.0
-- The CXX compiler identification is GNU 11.4.0
-- Detecting C compiler ABI info
-- Detecting C compiler ABI info - done
-- Check for working C compiler: /usr/bin/cc - skipped
-- Detecting C compile features
-- Detecting C compile features - done
-- Detecting CXX compiler ABI info
-- Detecting CXX compiler ABI info - done
-- Check for working CXX compiler: /usr/bin/c++ - skipped
-- Detecting CXX compile features
-- Detecting CXX compile features - done
-- Found ament_cmake: 1.3.11 (/opt/ros/humble/share/ament_cmake/cmake)
-- Found Python3: /usr/bin/python3 (found version "3.10.12") found components: Interpreter 
-- Found rclpy: 3.3.16 (/opt/ros/humble/share/rclpy/cmake)
-- Found sensor_msgs: 4.9.0 (/opt/ros/humble/share/sensor_msgs/cmake)
-- Found rosidl_generator_c: 3.1.6 (/opt/ros/humble/share/rosidl_generator_c/cmake)
-- Found rosidl_adapter: 3.1.6 (/opt/ros/humble/share/rosidl_adapter/cmake)
-- Found rosidl_generator_cpp: 3.1.6 (/opt/ros/humble/share/rosidl_generator_cpp/cmake)
-- Using all available rosidl_typesupport_c: rosidl_typesupport_fastrtps_c;rosidl_typesupport_introspection_c
-- Using all available rosidl_typesupport_cpp: rosidl_typesupport_fastrtps_cpp;rosidl_typesupport_introspection_cpp
-- Configuring done
-- Generating done
-- Build files have been written to: /home/wjy/mycode/arn_control/convert_lcm_to_ros/build/lcm2ros
Built target ament_cmake_python_copy_lcm2ros
running egg_info
creating lcm2ros.egg-info
writing lcm2ros.egg-info/PKG-INFO
writing dependency_links to lcm2ros.egg-info/dependency_links.txt
writing top-level names to lcm2ros.egg-info/top_level.txt
writing manifest file 'lcm2ros.egg-info/SOURCES.txt'
reading manifest file 'lcm2ros.egg-info/SOURCES.txt'
writing manifest file 'lcm2ros.egg-info/SOURCES.txt'
Built target ament_cmake_python_build_lcm2ros_egg
-- Install configuration: ""
-- Installing: /home/wjy/mycode/arn_control/convert_lcm_to_ros/install/lcm2ros/share/lcm2ros/environment/pythonpath.sh
-- Installing: /home/wjy/mycode/arn_control/convert_lcm_to_ros/install/lcm2ros/share/lcm2ros/environment/pythonpath.dsv
-- Installing: /home/wjy/mycode/arn_control/convert_lcm_to_ros/install/lcm2ros/local/lib/python3.10/dist-packages/lcm2ros-0.0.0-py3.10.egg-info
-- Installing: /home/wjy/mycode/arn_control/convert_lcm_to_ros/install/lcm2ros/local/lib/python3.10/dist-packages/lcm2ros-0.0.0-py3.10.egg-info/dependency_links.txt
-- Installing: /home/wjy/mycode/arn_control/convert_lcm_to_ros/install/lcm2ros/local/lib/python3.10/dist-packages/lcm2ros-0.0.0-py3.10.egg-info/PKG-INFO
-- Installing: /home/wjy/mycode/arn_control/convert_lcm_to_ros/install/lcm2ros/local/lib/python3.10/dist-packages/lcm2ros-0.0.0-py3.10.egg-info/top_level.txt
-- Installing: /home/wjy/mycode/arn_control/convert_lcm_to_ros/install/lcm2ros/local/lib/python3.10/dist-packages/lcm2ros-0.0.0-py3.10.egg-info/SOURCES.txt
-- Installing: /home/wjy/mycode/arn_control/convert_lcm_to_ros/install/lcm2ros/local/lib/python3.10/dist-packages/lcm2ros
-- Installing: /home/wjy/mycode/arn_control/convert_lcm_to_ros/install/lcm2ros/local/lib/python3.10/dist-packages/lcm2ros/__init__.py
Listing '/home/wjy/mycode/arn_control/convert_lcm_to_ros/install/lcm2ros/local/lib/python3.10/dist-packages/lcm2ros'...
Compiling '/home/wjy/mycode/arn_control/convert_lcm_to_ros/install/lcm2ros/local/lib/python3.10/dist-packages/lcm2ros/__init__.py'...
-- Installing: /home/wjy/mycode/arn_control/convert_lcm_to_ros/install/lcm2ros/lib/lcm2ros/lcm2ros.py
-- Installing: /home/wjy/mycode/arn_control/convert_lcm_to_ros/install/lcm2ros/share/ament_index/resource_index/package_run_dependencies/lcm2ros
-- Installing: /home/wjy/mycode/arn_control/convert_lcm_to_ros/install/lcm2ros/share/ament_index/resource_index/parent_prefix_path/lcm2ros
-- Installing: /home/wjy/mycode/arn_control/convert_lcm_to_ros/install/lcm2ros/share/lcm2ros/environment/ament_prefix_path.sh
-- Installing: /home/wjy/mycode/arn_control/convert_lcm_to_ros/install/lcm2ros/share/lcm2ros/environment/ament_prefix_path.dsv
-- Installing: /home/wjy/mycode/arn_control/convert_lcm_to_ros/install/lcm2ros/share/lcm2ros/environment/path.sh
-- Installing: /home/wjy/mycode/arn_control/convert_lcm_to_ros/install/lcm2ros/share/lcm2ros/environment/path.dsv
-- Installing: /home/wjy/mycode/arn_control/convert_lcm_to_ros/install/lcm2ros/share/lcm2ros/local_setup.bash
-- Installing: /home/wjy/mycode/arn_control/convert_lcm_to_ros/install/lcm2ros/share/lcm2ros/local_setup.sh
-- Installing: /home/wjy/mycode/arn_control/convert_lcm_to_ros/install/lcm2ros/share/lcm2ros/local_setup.zsh
-- Installing: /home/wjy/mycode/arn_control/convert_lcm_to_ros/install/lcm2ros/share/lcm2ros/local_setup.dsv
-- Installing: /home/wjy/mycode/arn_control/convert_lcm_to_ros/install/lcm2ros/share/lcm2ros/package.dsv
-- Installing: /home/wjy/mycode/arn_control/convert_lcm_to_ros/install/lcm2ros/share/ament_index/resource_index/packages/lcm2ros
-- Installing: /home/wjy/mycode/arn_control/convert_lcm_to_ros/install/lcm2ros/share/lcm2ros/cmake/lcm2rosConfig.cmake
-- Installing: /home/wjy/mycode/arn_control/convert_lcm_to_ros/install/lcm2ros/share/lcm2ros/cmake/lcm2rosConfig-version.cmake
-- Installing: /home/wjy/mycode/arn_control/convert_lcm_to_ros/install/lcm2ros/share/lcm2ros/package.xml
