[0.007s] Invoking command in '/home/wjy/mycode/arn_control/convert_lcm_to_ros/build/lcm2ros': CMAKE_PREFIX_PATH=${CMAKE_PREFIX_PATH}:/opt/ros/humble /usr/bin/cmake /home/wjy/mycode/arn_control/convert_lcm_to_ros/src -DCMAKE_INSTALL_PREFIX=/home/wjy/mycode/arn_control/convert_lcm_to_ros/install/lcm2ros
[0.077s] -- The C compiler identification is GNU 11.4.0
[0.141s] -- The CXX compiler identification is GNU 11.4.0
[0.147s] -- Detecting C compiler ABI info
[0.247s] -- Detecting C compiler ABI info - done
[0.258s] -- Check for working C compiler: /usr/bin/cc - skipped
[0.259s] -- Detecting C compile features
[0.259s] -- Detecting C compile features - done
[0.263s] -- Detecting CXX compiler ABI info
[0.368s] -- Detecting CXX compiler ABI info - done
[0.380s] -- Check for working CXX compiler: /usr/bin/c++ - skipped
[0.380s] -- Detecting CXX compile features
[0.381s] -- Detecting CXX compile features - done
[0.384s] -- Found ament_cmake: 1.3.11 (/opt/ros/humble/share/ament_cmake/cmake)
[0.533s] -- Found Python3: /usr/bin/python3 (found version "3.10.12") found components: Interpreter 
[0.609s] -- Found rclpy: 3.3.16 (/opt/ros/humble/share/rclpy/cmake)
[0.611s] -- Found sensor_msgs: 4.9.0 (/opt/ros/humble/share/sensor_msgs/cmake)
[0.645s] -- Found rosidl_generator_c: 3.1.6 (/opt/ros/humble/share/rosidl_generator_c/cmake)
[0.648s] -- Found rosidl_adapter: 3.1.6 (/opt/ros/humble/share/rosidl_adapter/cmake)
[0.740s] -- Found rosidl_generator_cpp: 3.1.6 (/opt/ros/humble/share/rosidl_generator_cpp/cmake)
[0.740s] -- Using all available rosidl_typesupport_c: rosidl_typesupport_fastrtps_c;rosidl_typesupport_introspection_c
[0.740s] -- Using all available rosidl_typesupport_cpp: rosidl_typesupport_fastrtps_cpp;rosidl_typesupport_introspection_cpp
[0.841s] -- Configuring done
[0.844s] -- Generating done
[0.845s] -- Build files have been written to: /home/wjy/mycode/arn_control/convert_lcm_to_ros/build/lcm2ros
[0.850s] Invoked command in '/home/wjy/mycode/arn_control/convert_lcm_to_ros/build/lcm2ros' returned '0': CMAKE_PREFIX_PATH=${CMAKE_PREFIX_PATH}:/opt/ros/humble /usr/bin/cmake /home/wjy/mycode/arn_control/convert_lcm_to_ros/src -DCMAKE_INSTALL_PREFIX=/home/wjy/mycode/arn_control/convert_lcm_to_ros/install/lcm2ros
[0.852s] Invoking command in '/home/wjy/mycode/arn_control/convert_lcm_to_ros/build/lcm2ros': CMAKE_PREFIX_PATH=${CMAKE_PREFIX_PATH}:/opt/ros/humble /usr/bin/cmake --build /home/wjy/mycode/arn_control/convert_lcm_to_ros/build/lcm2ros -- -j20 -l20
[0.914s] Built target ament_cmake_python_copy_lcm2ros
[1.078s] running egg_info
[1.078s] creating lcm2ros.egg-info
[1.078s] writing lcm2ros.egg-info/PKG-INFO
[1.078s] writing dependency_links to lcm2ros.egg-info/dependency_links.txt
[1.079s] writing top-level names to lcm2ros.egg-info/top_level.txt
[1.079s] writing manifest file 'lcm2ros.egg-info/SOURCES.txt'
[1.080s] reading manifest file 'lcm2ros.egg-info/SOURCES.txt'
[1.080s] writing manifest file 'lcm2ros.egg-info/SOURCES.txt'
[1.101s] Built target ament_cmake_python_build_lcm2ros_egg
[1.111s] Invoked command in '/home/wjy/mycode/arn_control/convert_lcm_to_ros/build/lcm2ros' returned '0': CMAKE_PREFIX_PATH=${CMAKE_PREFIX_PATH}:/opt/ros/humble /usr/bin/cmake --build /home/wjy/mycode/arn_control/convert_lcm_to_ros/build/lcm2ros -- -j20 -l20
[1.119s] Invoking command in '/home/wjy/mycode/arn_control/convert_lcm_to_ros/build/lcm2ros': CMAKE_PREFIX_PATH=${CMAKE_PREFIX_PATH}:/opt/ros/humble /usr/bin/cmake --install /home/wjy/mycode/arn_control/convert_lcm_to_ros/build/lcm2ros
[1.126s] -- Install configuration: ""
[1.126s] -- Installing: /home/wjy/mycode/arn_control/convert_lcm_to_ros/install/lcm2ros/share/lcm2ros/environment/pythonpath.sh
[1.126s] -- Installing: /home/wjy/mycode/arn_control/convert_lcm_to_ros/install/lcm2ros/share/lcm2ros/environment/pythonpath.dsv
[1.126s] -- Installing: /home/wjy/mycode/arn_control/convert_lcm_to_ros/install/lcm2ros/local/lib/python3.10/dist-packages/lcm2ros-0.0.0-py3.10.egg-info
[1.126s] -- Installing: /home/wjy/mycode/arn_control/convert_lcm_to_ros/install/lcm2ros/local/lib/python3.10/dist-packages/lcm2ros-0.0.0-py3.10.egg-info/dependency_links.txt
[1.126s] -- Installing: /home/wjy/mycode/arn_control/convert_lcm_to_ros/install/lcm2ros/local/lib/python3.10/dist-packages/lcm2ros-0.0.0-py3.10.egg-info/PKG-INFO
[1.126s] -- Installing: /home/wjy/mycode/arn_control/convert_lcm_to_ros/install/lcm2ros/local/lib/python3.10/dist-packages/lcm2ros-0.0.0-py3.10.egg-info/top_level.txt
[1.127s] -- Installing: /home/wjy/mycode/arn_control/convert_lcm_to_ros/install/lcm2ros/local/lib/python3.10/dist-packages/lcm2ros-0.0.0-py3.10.egg-info/SOURCES.txt
[1.127s] -- Installing: /home/wjy/mycode/arn_control/convert_lcm_to_ros/install/lcm2ros/local/lib/python3.10/dist-packages/lcm2ros
[1.127s] -- Installing: /home/wjy/mycode/arn_control/convert_lcm_to_ros/install/lcm2ros/local/lib/python3.10/dist-packages/lcm2ros/__init__.py
[1.159s] Listing '/home/wjy/mycode/arn_control/convert_lcm_to_ros/install/lcm2ros/local/lib/python3.10/dist-packages/lcm2ros'...
[1.159s] Compiling '/home/wjy/mycode/arn_control/convert_lcm_to_ros/install/lcm2ros/local/lib/python3.10/dist-packages/lcm2ros/__init__.py'...
[1.162s] -- Installing: /home/wjy/mycode/arn_control/convert_lcm_to_ros/install/lcm2ros/lib/lcm2ros/lcm2ros.py
[1.162s] -- Installing: /home/wjy/mycode/arn_control/convert_lcm_to_ros/install/lcm2ros/share/ament_index/resource_index/package_run_dependencies/lcm2ros
[1.162s] -- Installing: /home/wjy/mycode/arn_control/convert_lcm_to_ros/install/lcm2ros/share/ament_index/resource_index/parent_prefix_path/lcm2ros
[1.162s] -- Installing: /home/wjy/mycode/arn_control/convert_lcm_to_ros/install/lcm2ros/share/lcm2ros/environment/ament_prefix_path.sh
[1.162s] -- Installing: /home/wjy/mycode/arn_control/convert_lcm_to_ros/install/lcm2ros/share/lcm2ros/environment/ament_prefix_path.dsv
[1.162s] -- Installing: /home/wjy/mycode/arn_control/convert_lcm_to_ros/install/lcm2ros/share/lcm2ros/environment/path.sh
[1.162s] -- Installing: /home/wjy/mycode/arn_control/convert_lcm_to_ros/install/lcm2ros/share/lcm2ros/environment/path.dsv
[1.162s] -- Installing: /home/wjy/mycode/arn_control/convert_lcm_to_ros/install/lcm2ros/share/lcm2ros/local_setup.bash
[1.162s] -- Installing: /home/wjy/mycode/arn_control/convert_lcm_to_ros/install/lcm2ros/share/lcm2ros/local_setup.sh
[1.162s] -- Installing: /home/wjy/mycode/arn_control/convert_lcm_to_ros/install/lcm2ros/share/lcm2ros/local_setup.zsh
[1.162s] -- Installing: /home/wjy/mycode/arn_control/convert_lcm_to_ros/install/lcm2ros/share/lcm2ros/local_setup.dsv
[1.162s] -- Installing: /home/wjy/mycode/arn_control/convert_lcm_to_ros/install/lcm2ros/share/lcm2ros/package.dsv
[1.162s] -- Installing: /home/wjy/mycode/arn_control/convert_lcm_to_ros/install/lcm2ros/share/ament_index/resource_index/packages/lcm2ros
[1.162s] -- Installing: /home/wjy/mycode/arn_control/convert_lcm_to_ros/install/lcm2ros/share/lcm2ros/cmake/lcm2rosConfig.cmake
[1.163s] -- Installing: /home/wjy/mycode/arn_control/convert_lcm_to_ros/install/lcm2ros/share/lcm2ros/cmake/lcm2rosConfig-version.cmake
[1.163s] -- Installing: /home/wjy/mycode/arn_control/convert_lcm_to_ros/install/lcm2ros/share/lcm2ros/package.xml
[1.164s] Invoked command in '/home/wjy/mycode/arn_control/convert_lcm_to_ros/build/lcm2ros' returned '0': CMAKE_PREFIX_PATH=${CMAKE_PREFIX_PATH}:/opt/ros/humble /usr/bin/cmake --install /home/wjy/mycode/arn_control/convert_lcm_to_ros/build/lcm2ros
