[0.086s] DEBUG:colcon:Command line arguments: ['/usr/bin/colcon', 'build', '--packages-select', 'lcm2ros']
[0.086s] DEBUG:colcon:Parsed command line arguments: Namespace(log_base=None, log_level=None, verb_name='build', build_base='build', install_base='install', merge_install=False, symlink_install=False, test_result_base=None, continue_on_error=False, executor='parallel', parallel_workers=20, event_handlers=None, ignore_user_meta=False, metas=['./colcon.meta'], base_paths=['.'], packages_ignore=None, packages_ignore_regex=None, paths=None, packages_up_to=None, packages_up_to_regex=None, packages_above=None, packages_above_and_dependencies=None, packages_above_depth=None, packages_select_by_dep=None, packages_skip_by_dep=None, packages_skip_up_to=None, packages_select_build_failed=False, packages_skip_build_finished=False, packages_select_test_failures=False, packages_skip_test_passed=False, packages_select=['lcm2ros'], packages_skip=None, packages_select_regex=None, packages_skip_regex=None, packages_start=None, packages_end=None, allow_overriding=[], cmake_args=None, cmake_target=None, cmake_target_skip_unavailable=False, cmake_clean_cache=False, cmake_clean_first=False, cmake_force_configure=False, ament_cmake_args=None, catkin_cmake_args=None, catkin_skip_building_tests=False, mixin_files=None, mixin=None, verb_parser=<colcon_mixin.mixin.mixin_argument.MixinArgumentDecorator object at 0x7d4a10d5ec80>, verb_extension=<colcon_core.verb.build.BuildVerb object at 0x7d4a10d5e710>, main=<bound method BuildVerb.main of <colcon_core.verb.build.BuildVerb object at 0x7d4a10d5e710>>, mixin_verb=('build',))
[0.183s] Level 1:colcon.colcon_core.package_discovery:discover_packages(colcon_meta) check parameters
[0.183s] Level 1:colcon.colcon_core.package_discovery:discover_packages(recursive) check parameters
[0.183s] Level 1:colcon.colcon_core.package_discovery:discover_packages(ignore) check parameters
[0.183s] Level 1:colcon.colcon_core.package_discovery:discover_packages(path) check parameters
[0.183s] Level 1:colcon.colcon_core.package_discovery:discover_packages(colcon_meta) discover
[0.183s] Level 1:colcon.colcon_core.package_discovery:discover_packages(recursive) discover
[0.183s] INFO:colcon.colcon_core.package_discovery:Crawling recursively for packages in '/home/wjy/mycode/arn_control/convert_lcm_to_ros'
[0.183s] Level 1:colcon.colcon_core.package_identification:_identify(.) by extensions ['ignore', 'ignore_ament_install']
[0.183s] Level 1:colcon.colcon_core.package_identification:_identify(.) by extension 'ignore'
[0.183s] Level 1:colcon.colcon_core.package_identification:_identify(.) by extension 'ignore_ament_install'
[0.183s] Level 1:colcon.colcon_core.package_identification:_identify(.) by extensions ['colcon_pkg']
[0.183s] Level 1:colcon.colcon_core.package_identification:_identify(.) by extension 'colcon_pkg'
[0.183s] Level 1:colcon.colcon_core.package_identification:_identify(.) by extensions ['colcon_meta']
[0.183s] Level 1:colcon.colcon_core.package_identification:_identify(.) by extension 'colcon_meta'
[0.183s] Level 1:colcon.colcon_core.package_identification:_identify(.) by extensions ['ros']
[0.183s] Level 1:colcon.colcon_core.package_identification:_identify(.) by extension 'ros'
[0.190s] Level 1:colcon.colcon_core.package_identification:_identify(.) by extensions ['cmake', 'python']
[0.191s] Level 1:colcon.colcon_core.package_identification:_identify(.) by extension 'cmake'
[0.191s] Level 1:colcon.colcon_core.package_identification:_identify(.) by extension 'python'
[0.191s] Level 1:colcon.colcon_core.package_identification:_identify(.) by extensions ['python_setup_py']
[0.191s] Level 1:colcon.colcon_core.package_identification:_identify(.) by extension 'python_setup_py'
[0.191s] Level 1:colcon.colcon_core.package_identification:_identify(build) by extensions ['ignore', 'ignore_ament_install']
[0.191s] Level 1:colcon.colcon_core.package_identification:_identify(build) by extension 'ignore'
[0.191s] Level 1:colcon.colcon_core.package_identification:_identify(build) ignored
[0.191s] Level 1:colcon.colcon_core.package_identification:_identify(install) by extensions ['ignore', 'ignore_ament_install']
[0.191s] Level 1:colcon.colcon_core.package_identification:_identify(install) by extension 'ignore'
[0.191s] Level 1:colcon.colcon_core.package_identification:_identify(install) ignored
[0.191s] Level 1:colcon.colcon_core.package_identification:_identify(log) by extensions ['ignore', 'ignore_ament_install']
[0.191s] Level 1:colcon.colcon_core.package_identification:_identify(log) by extension 'ignore'
[0.191s] Level 1:colcon.colcon_core.package_identification:_identify(log) ignored
[0.191s] Level 1:colcon.colcon_core.package_identification:_identify(src) by extensions ['ignore', 'ignore_ament_install']
[0.191s] Level 1:colcon.colcon_core.package_identification:_identify(src) by extension 'ignore'
[0.191s] Level 1:colcon.colcon_core.package_identification:_identify(src) by extension 'ignore_ament_install'
[0.191s] Level 1:colcon.colcon_core.package_identification:_identify(src) by extensions ['colcon_pkg']
[0.191s] Level 1:colcon.colcon_core.package_identification:_identify(src) by extension 'colcon_pkg'
[0.191s] Level 1:colcon.colcon_core.package_identification:_identify(src) by extensions ['colcon_meta']
[0.191s] Level 1:colcon.colcon_core.package_identification:_identify(src) by extension 'colcon_meta'
[0.191s] Level 1:colcon.colcon_core.package_identification:_identify(src) by extensions ['ros']
[0.191s] Level 1:colcon.colcon_core.package_identification:_identify(src) by extension 'ros'
[0.193s] DEBUG:colcon.colcon_core.package_identification:Package 'src' with type 'ros.ament_cmake' and name 'lcm2ros'
[0.193s] Level 1:colcon.colcon_core.package_discovery:discover_packages(recursive) using defaults
[0.193s] Level 1:colcon.colcon_core.package_discovery:discover_packages(ignore) discover
[0.193s] Level 1:colcon.colcon_core.package_discovery:discover_packages(ignore) using defaults
[0.193s] Level 1:colcon.colcon_core.package_discovery:discover_packages(path) discover
[0.193s] Level 1:colcon.colcon_core.package_discovery:discover_packages(path) using defaults
[0.211s] Level 1:colcon.colcon_core.package_discovery:discover_packages(prefix_path) check parameters
[0.211s] Level 1:colcon.colcon_core.package_discovery:discover_packages(prefix_path) discover
[0.212s] WARNING:colcon.colcon_core.prefix_path.colcon:The path '/home/wjy/mycode/arn_control/convert_lcm_to_ros/src/lcm2ros/install' in the environment variable COLCON_PREFIX_PATH doesn't exist
[0.212s] WARNING:colcon.colcon_ros.prefix_path.ament:The path '/home/wjy/mycode/arn_control/convert_lcm_to_ros/install/lcm2ros' in the environment variable AMENT_PREFIX_PATH doesn't exist
[0.212s] WARNING:colcon.colcon_ros.prefix_path.catkin:The path '/home/wjy/mycode/arn_control/convert_lcm_to_ros/install/lcm2ros' in the environment variable CMAKE_PREFIX_PATH doesn't exist
[0.212s] DEBUG:colcon.colcon_installed_package_information.package_discovery:Found 0 installed packages in /home/wjy/mycode/arn_control/convert_lcm_to_ros/install
[0.213s] DEBUG:colcon.colcon_installed_package_information.package_discovery:Found 343 installed packages in /opt/ros/humble
[0.214s] Level 1:colcon.colcon_core.package_discovery:discover_packages(prefix_path) using defaults
[0.239s] Level 5:colcon.colcon_core.verb:set package 'lcm2ros' build argument 'cmake_args' from command line to 'None'
[0.239s] Level 5:colcon.colcon_core.verb:set package 'lcm2ros' build argument 'cmake_target' from command line to 'None'
[0.239s] Level 5:colcon.colcon_core.verb:set package 'lcm2ros' build argument 'cmake_target_skip_unavailable' from command line to 'False'
[0.239s] Level 5:colcon.colcon_core.verb:set package 'lcm2ros' build argument 'cmake_clean_cache' from command line to 'False'
[0.239s] Level 5:colcon.colcon_core.verb:set package 'lcm2ros' build argument 'cmake_clean_first' from command line to 'False'
[0.240s] Level 5:colcon.colcon_core.verb:set package 'lcm2ros' build argument 'cmake_force_configure' from command line to 'False'
[0.240s] Level 5:colcon.colcon_core.verb:set package 'lcm2ros' build argument 'ament_cmake_args' from command line to 'None'
[0.240s] Level 5:colcon.colcon_core.verb:set package 'lcm2ros' build argument 'catkin_cmake_args' from command line to 'None'
[0.240s] Level 5:colcon.colcon_core.verb:set package 'lcm2ros' build argument 'catkin_skip_building_tests' from command line to 'False'
[0.240s] DEBUG:colcon.colcon_core.verb:Building package 'lcm2ros' with the following arguments: {'ament_cmake_args': None, 'build_base': '/home/wjy/mycode/arn_control/convert_lcm_to_ros/build/lcm2ros', 'catkin_cmake_args': None, 'catkin_skip_building_tests': False, 'cmake_args': None, 'cmake_clean_cache': False, 'cmake_clean_first': False, 'cmake_force_configure': False, 'cmake_target': None, 'cmake_target_skip_unavailable': False, 'install_base': '/home/wjy/mycode/arn_control/convert_lcm_to_ros/install/lcm2ros', 'merge_install': False, 'path': '/home/wjy/mycode/arn_control/convert_lcm_to_ros/src', 'symlink_install': False, 'test_result_base': None}
[0.240s] INFO:colcon.colcon_core.executor:Executing jobs using 'parallel' executor
[0.241s] DEBUG:colcon.colcon_parallel_executor.executor.parallel:run_until_complete
[0.241s] INFO:colcon.colcon_ros.task.ament_cmake.build:Building ROS package in '/home/wjy/mycode/arn_control/convert_lcm_to_ros/src' with build type 'ament_cmake'
[0.241s] INFO:colcon.colcon_cmake.task.cmake.build:Building CMake package in '/home/wjy/mycode/arn_control/convert_lcm_to_ros/src'
[0.242s] INFO:colcon.colcon_core.plugin_system:Skipping extension 'colcon_core.shell.bat': Not used on non-Windows systems
[0.242s] INFO:colcon.colcon_core.shell:Skip shell extension 'powershell' for command environment: Not usable outside of PowerShell
[0.242s] DEBUG:colcon.colcon_core.shell:Skip shell extension 'dsv' for command environment
[0.248s] DEBUG:colcon.colcon_core.event_handler.log_command:Invoking command in '/home/wjy/mycode/arn_control/convert_lcm_to_ros/build/lcm2ros': CMAKE_PREFIX_PATH=${CMAKE_PREFIX_PATH}:/opt/ros/humble /usr/bin/cmake /home/wjy/mycode/arn_control/convert_lcm_to_ros/src -DCMAKE_INSTALL_PREFIX=/home/wjy/mycode/arn_control/convert_lcm_to_ros/install/lcm2ros
[1.091s] DEBUG:colcon.colcon_core.event_handler.log_command:Invoked command in '/home/wjy/mycode/arn_control/convert_lcm_to_ros/build/lcm2ros' returned '0': CMAKE_PREFIX_PATH=${CMAKE_PREFIX_PATH}:/opt/ros/humble /usr/bin/cmake /home/wjy/mycode/arn_control/convert_lcm_to_ros/src -DCMAKE_INSTALL_PREFIX=/home/wjy/mycode/arn_control/convert_lcm_to_ros/install/lcm2ros
[1.093s] DEBUG:colcon.colcon_core.event_handler.log_command:Invoking command in '/home/wjy/mycode/arn_control/convert_lcm_to_ros/build/lcm2ros': CMAKE_PREFIX_PATH=${CMAKE_PREFIX_PATH}:/opt/ros/humble /usr/bin/cmake --build /home/wjy/mycode/arn_control/convert_lcm_to_ros/build/lcm2ros -- -j20 -l20
[1.352s] DEBUG:colcon.colcon_core.event_handler.log_command:Invoked command in '/home/wjy/mycode/arn_control/convert_lcm_to_ros/build/lcm2ros' returned '0': CMAKE_PREFIX_PATH=${CMAKE_PREFIX_PATH}:/opt/ros/humble /usr/bin/cmake --build /home/wjy/mycode/arn_control/convert_lcm_to_ros/build/lcm2ros -- -j20 -l20
[1.360s] DEBUG:colcon.colcon_core.event_handler.log_command:Invoking command in '/home/wjy/mycode/arn_control/convert_lcm_to_ros/build/lcm2ros': CMAKE_PREFIX_PATH=${CMAKE_PREFIX_PATH}:/opt/ros/humble /usr/bin/cmake --install /home/wjy/mycode/arn_control/convert_lcm_to_ros/build/lcm2ros
[1.405s] Level 1:colcon.colcon_core.environment:create_environment_scripts_only(lcm2ros)
[1.405s] DEBUG:colcon.colcon_core.event_handler.log_command:Invoked command in '/home/wjy/mycode/arn_control/convert_lcm_to_ros/build/lcm2ros' returned '0': CMAKE_PREFIX_PATH=${CMAKE_PREFIX_PATH}:/opt/ros/humble /usr/bin/cmake --install /home/wjy/mycode/arn_control/convert_lcm_to_ros/build/lcm2ros
[1.408s] Level 1:colcon.colcon_core.environment:checking '/home/wjy/mycode/arn_control/convert_lcm_to_ros/install/lcm2ros' for CMake module files
[1.409s] Level 1:colcon.colcon_core.environment:checking '/home/wjy/mycode/arn_control/convert_lcm_to_ros/install/lcm2ros' for CMake config files
[1.410s] Level 1:colcon.colcon_core.shell:create_environment_hook('lcm2ros', 'cmake_prefix_path')
[1.410s] INFO:colcon.colcon_core.shell:Creating environment hook '/home/wjy/mycode/arn_control/convert_lcm_to_ros/install/lcm2ros/share/lcm2ros/hook/cmake_prefix_path.ps1'
[1.410s] INFO:colcon.colcon_core.shell:Creating environment descriptor '/home/wjy/mycode/arn_control/convert_lcm_to_ros/install/lcm2ros/share/lcm2ros/hook/cmake_prefix_path.dsv'
[1.411s] INFO:colcon.colcon_core.shell:Creating environment hook '/home/wjy/mycode/arn_control/convert_lcm_to_ros/install/lcm2ros/share/lcm2ros/hook/cmake_prefix_path.sh'
[1.411s] Level 1:colcon.colcon_core.environment:checking '/home/wjy/mycode/arn_control/convert_lcm_to_ros/install/lcm2ros/lib'
[1.411s] Level 1:colcon.colcon_core.environment:checking '/home/wjy/mycode/arn_control/convert_lcm_to_ros/install/lcm2ros/bin'
[1.411s] Level 1:colcon.colcon_core.environment:checking '/home/wjy/mycode/arn_control/convert_lcm_to_ros/install/lcm2ros/lib/pkgconfig/lcm2ros.pc'
[1.412s] Level 1:colcon.colcon_core.environment:checking '/home/wjy/mycode/arn_control/convert_lcm_to_ros/install/lcm2ros/lib/python3.10/site-packages'
[1.412s] Level 1:colcon.colcon_core.environment:checking '/home/wjy/mycode/arn_control/convert_lcm_to_ros/install/lcm2ros/bin'
[1.412s] INFO:colcon.colcon_core.shell:Creating package script '/home/wjy/mycode/arn_control/convert_lcm_to_ros/install/lcm2ros/share/lcm2ros/package.ps1'
[1.412s] INFO:colcon.colcon_core.shell:Creating package descriptor '/home/wjy/mycode/arn_control/convert_lcm_to_ros/install/lcm2ros/share/lcm2ros/package.dsv'
[1.413s] INFO:colcon.colcon_core.shell:Creating package script '/home/wjy/mycode/arn_control/convert_lcm_to_ros/install/lcm2ros/share/lcm2ros/package.sh'
[1.413s] INFO:colcon.colcon_core.shell:Creating package script '/home/wjy/mycode/arn_control/convert_lcm_to_ros/install/lcm2ros/share/lcm2ros/package.bash'
[1.414s] INFO:colcon.colcon_core.shell:Creating package script '/home/wjy/mycode/arn_control/convert_lcm_to_ros/install/lcm2ros/share/lcm2ros/package.zsh'
[1.414s] Level 1:colcon.colcon_core.environment:create_file_with_runtime_dependencies(/home/wjy/mycode/arn_control/convert_lcm_to_ros/install/lcm2ros/share/colcon-core/packages/lcm2ros)
[1.414s] Level 1:colcon.colcon_core.environment:create_environment_scripts_only(lcm2ros)
[1.414s] Level 1:colcon.colcon_core.environment:checking '/home/wjy/mycode/arn_control/convert_lcm_to_ros/install/lcm2ros' for CMake module files
[1.415s] Level 1:colcon.colcon_core.environment:checking '/home/wjy/mycode/arn_control/convert_lcm_to_ros/install/lcm2ros' for CMake config files
[1.415s] Level 1:colcon.colcon_core.shell:create_environment_hook('lcm2ros', 'cmake_prefix_path')
[1.415s] INFO:colcon.colcon_core.shell:Creating environment hook '/home/wjy/mycode/arn_control/convert_lcm_to_ros/install/lcm2ros/share/lcm2ros/hook/cmake_prefix_path.ps1'
[1.415s] INFO:colcon.colcon_core.shell:Creating environment descriptor '/home/wjy/mycode/arn_control/convert_lcm_to_ros/install/lcm2ros/share/lcm2ros/hook/cmake_prefix_path.dsv'
[1.415s] INFO:colcon.colcon_core.shell:Creating environment hook '/home/wjy/mycode/arn_control/convert_lcm_to_ros/install/lcm2ros/share/lcm2ros/hook/cmake_prefix_path.sh'
[1.416s] Level 1:colcon.colcon_core.environment:checking '/home/wjy/mycode/arn_control/convert_lcm_to_ros/install/lcm2ros/lib'
[1.416s] Level 1:colcon.colcon_core.environment:checking '/home/wjy/mycode/arn_control/convert_lcm_to_ros/install/lcm2ros/bin'
[1.416s] Level 1:colcon.colcon_core.environment:checking '/home/wjy/mycode/arn_control/convert_lcm_to_ros/install/lcm2ros/lib/pkgconfig/lcm2ros.pc'
[1.416s] Level 1:colcon.colcon_core.environment:checking '/home/wjy/mycode/arn_control/convert_lcm_to_ros/install/lcm2ros/lib/python3.10/site-packages'
[1.416s] Level 1:colcon.colcon_core.environment:checking '/home/wjy/mycode/arn_control/convert_lcm_to_ros/install/lcm2ros/bin'
[1.416s] INFO:colcon.colcon_core.shell:Creating package script '/home/wjy/mycode/arn_control/convert_lcm_to_ros/install/lcm2ros/share/lcm2ros/package.ps1'
[1.416s] INFO:colcon.colcon_core.shell:Creating package descriptor '/home/wjy/mycode/arn_control/convert_lcm_to_ros/install/lcm2ros/share/lcm2ros/package.dsv'
[1.417s] INFO:colcon.colcon_core.shell:Creating package script '/home/wjy/mycode/arn_control/convert_lcm_to_ros/install/lcm2ros/share/lcm2ros/package.sh'
[1.417s] INFO:colcon.colcon_core.shell:Creating package script '/home/wjy/mycode/arn_control/convert_lcm_to_ros/install/lcm2ros/share/lcm2ros/package.bash'
[1.417s] INFO:colcon.colcon_core.shell:Creating package script '/home/wjy/mycode/arn_control/convert_lcm_to_ros/install/lcm2ros/share/lcm2ros/package.zsh'
[1.417s] Level 1:colcon.colcon_core.environment:create_file_with_runtime_dependencies(/home/wjy/mycode/arn_control/convert_lcm_to_ros/install/lcm2ros/share/colcon-core/packages/lcm2ros)
[1.417s] DEBUG:colcon.colcon_parallel_executor.executor.parallel:closing loop
[1.418s] DEBUG:colcon.colcon_parallel_executor.executor.parallel:loop closed
[1.418s] DEBUG:colcon.colcon_parallel_executor.executor.parallel:run_until_complete finished with '0'
[1.418s] DEBUG:colcon.colcon_core.event_reactor:joining thread
[1.421s] INFO:colcon.colcon_core.plugin_system:Skipping extension 'colcon_notification.desktop_notification.terminal_notifier': Not used on non-Darwin systems
[1.421s] INFO:colcon.colcon_core.plugin_system:Skipping extension 'colcon_notification.desktop_notification.win32': Not used on non-Windows systems
[1.421s] INFO:colcon.colcon_notification.desktop_notification:Sending desktop notification using 'notify2'
[1.443s] DEBUG:colcon.colcon_core.event_reactor:joined thread
[1.443s] INFO:colcon.colcon_core.shell:Creating prefix script '/home/wjy/mycode/arn_control/convert_lcm_to_ros/install/local_setup.ps1'
[1.444s] INFO:colcon.colcon_core.shell:Creating prefix util module '/home/wjy/mycode/arn_control/convert_lcm_to_ros/install/_local_setup_util_ps1.py'
[1.446s] INFO:colcon.colcon_core.shell:Creating prefix chain script '/home/wjy/mycode/arn_control/convert_lcm_to_ros/install/setup.ps1'
[1.447s] INFO:colcon.colcon_core.shell:Creating prefix script '/home/wjy/mycode/arn_control/convert_lcm_to_ros/install/local_setup.sh'
[1.448s] INFO:colcon.colcon_core.shell:Creating prefix util module '/home/wjy/mycode/arn_control/convert_lcm_to_ros/install/_local_setup_util_sh.py'
[1.448s] INFO:colcon.colcon_core.shell:Creating prefix chain script '/home/wjy/mycode/arn_control/convert_lcm_to_ros/install/setup.sh'
[1.449s] INFO:colcon.colcon_core.shell:Creating prefix script '/home/wjy/mycode/arn_control/convert_lcm_to_ros/install/local_setup.bash'
[1.450s] INFO:colcon.colcon_core.shell:Creating prefix chain script '/home/wjy/mycode/arn_control/convert_lcm_to_ros/install/setup.bash'
[1.451s] INFO:colcon.colcon_core.shell:Creating prefix script '/home/wjy/mycode/arn_control/convert_lcm_to_ros/install/local_setup.zsh'
[1.451s] INFO:colcon.colcon_core.shell:Creating prefix chain script '/home/wjy/mycode/arn_control/convert_lcm_to_ros/install/setup.zsh'
