[0.010s] Invoking command in '/home/wjy/mycode/arn_control/convert_lcm_to_ros/build/lcm2ros': CMAKE_PREFIX_PATH=${CMAKE_PREFIX_PATH}:/opt/ros/humble /usr/bin/cmake --build /home/wjy/mycode/arn_control/convert_lcm_to_ros/build/lcm2ros -- -j20 -l20
[0.034s] -- Found ament_cmake: 1.3.11 (/opt/ros/humble/share/ament_cmake/cmake)
[0.146s] -- Found rclpy: 3.3.16 (/opt/ros/humble/share/rclpy/cmake)
[0.147s] -- Found sensor_msgs: 4.9.0 (/opt/ros/humble/share/sensor_msgs/cmake)
[0.162s] -- Found rosidl_generator_c: 3.1.6 (/opt/ros/humble/share/rosidl_generator_c/cmake)
[0.164s] -- Found rosidl_adapter: 3.1.6 (/opt/ros/humble/share/rosidl_adapter/cmake)
[0.167s] -- Found rosidl_generator_cpp: 3.1.6 (/opt/ros/humble/share/rosidl_generator_cpp/cmake)
[0.174s] -- Using all available rosidl_typesupport_c: rosidl_typesupport_fastrtps_c;rosidl_typesupport_introspection_c
[0.182s] -- Using all available rosidl_typesupport_cpp: rosidl_typesupport_fastrtps_cpp;rosidl_typesupport_introspection_cpp
[0.355s] -- Configuring done
[0.357s] -- Generating done
[0.358s] -- Build files have been written to: /home/wjy/mycode/arn_control/convert_lcm_to_ros/build/lcm2ros
[0.396s] Built target ament_cmake_python_copy_lcm2ros
[0.546s] running egg_info
[0.546s] writing lcm2ros.egg-info/PKG-INFO
[0.546s] writing dependency_links to lcm2ros.egg-info/dependency_links.txt
[0.546s] writing top-level names to lcm2ros.egg-info/top_level.txt
[0.548s] reading manifest file 'lcm2ros.egg-info/SOURCES.txt'
[0.548s] writing manifest file 'lcm2ros.egg-info/SOURCES.txt'
[0.570s] Built target ament_cmake_python_build_lcm2ros_egg
[0.578s] Invoked command in '/home/wjy/mycode/arn_control/convert_lcm_to_ros/build/lcm2ros' returned '0': CMAKE_PREFIX_PATH=${CMAKE_PREFIX_PATH}:/opt/ros/humble /usr/bin/cmake --build /home/wjy/mycode/arn_control/convert_lcm_to_ros/build/lcm2ros -- -j20 -l20
[0.588s] Invoking command in '/home/wjy/mycode/arn_control/convert_lcm_to_ros/build/lcm2ros': CMAKE_PREFIX_PATH=${CMAKE_PREFIX_PATH}:/opt/ros/humble /usr/bin/cmake --install /home/wjy/mycode/arn_control/convert_lcm_to_ros/build/lcm2ros
[0.594s] -- Install configuration: ""
[0.594s] -- Up-to-date: /home/wjy/mycode/arn_control/convert_lcm_to_ros/install/lcm2ros/share/lcm2ros/environment/pythonpath.sh
[0.594s] -- Installing: /home/wjy/mycode/arn_control/convert_lcm_to_ros/install/lcm2ros/share/lcm2ros/environment/pythonpath.dsv
[0.594s] -- Up-to-date: /home/wjy/mycode/arn_control/convert_lcm_to_ros/install/lcm2ros/local/lib/python3.10/dist-packages/lcm2ros-0.0.0-py3.10.egg-info
[0.594s] -- Installing: /home/wjy/mycode/arn_control/convert_lcm_to_ros/install/lcm2ros/local/lib/python3.10/dist-packages/lcm2ros-0.0.0-py3.10.egg-info/dependency_links.txt
[0.594s] -- Installing: /home/wjy/mycode/arn_control/convert_lcm_to_ros/install/lcm2ros/local/lib/python3.10/dist-packages/lcm2ros-0.0.0-py3.10.egg-info/PKG-INFO
[0.594s] -- Installing: /home/wjy/mycode/arn_control/convert_lcm_to_ros/install/lcm2ros/local/lib/python3.10/dist-packages/lcm2ros-0.0.0-py3.10.egg-info/top_level.txt
[0.594s] -- Installing: /home/wjy/mycode/arn_control/convert_lcm_to_ros/install/lcm2ros/local/lib/python3.10/dist-packages/lcm2ros-0.0.0-py3.10.egg-info/SOURCES.txt
[0.594s] -- Up-to-date: /home/wjy/mycode/arn_control/convert_lcm_to_ros/install/lcm2ros/local/lib/python3.10/dist-packages/lcm2ros
[0.594s] -- Up-to-date: /home/wjy/mycode/arn_control/convert_lcm_to_ros/install/lcm2ros/local/lib/python3.10/dist-packages/lcm2ros/__init__.py
[0.622s] Listing '/home/wjy/mycode/arn_control/convert_lcm_to_ros/install/lcm2ros/local/lib/python3.10/dist-packages/lcm2ros'...
[0.625s] -- Up-to-date: /home/wjy/mycode/arn_control/convert_lcm_to_ros/install/lcm2ros/lib/lcm2ros/lcm2ros.py
[0.625s] -- Up-to-date: /home/wjy/mycode/arn_control/convert_lcm_to_ros/install/lcm2ros/share/ament_index/resource_index/package_run_dependencies/lcm2ros
[0.625s] -- Installing: /home/wjy/mycode/arn_control/convert_lcm_to_ros/install/lcm2ros/share/ament_index/resource_index/parent_prefix_path/lcm2ros
[0.625s] -- Up-to-date: /home/wjy/mycode/arn_control/convert_lcm_to_ros/install/lcm2ros/share/lcm2ros/environment/ament_prefix_path.sh
[0.625s] -- Installing: /home/wjy/mycode/arn_control/convert_lcm_to_ros/install/lcm2ros/share/lcm2ros/environment/ament_prefix_path.dsv
[0.625s] -- Up-to-date: /home/wjy/mycode/arn_control/convert_lcm_to_ros/install/lcm2ros/share/lcm2ros/environment/path.sh
[0.625s] -- Installing: /home/wjy/mycode/arn_control/convert_lcm_to_ros/install/lcm2ros/share/lcm2ros/environment/path.dsv
[0.625s] -- Up-to-date: /home/wjy/mycode/arn_control/convert_lcm_to_ros/install/lcm2ros/share/lcm2ros/local_setup.bash
[0.625s] -- Up-to-date: /home/wjy/mycode/arn_control/convert_lcm_to_ros/install/lcm2ros/share/lcm2ros/local_setup.sh
[0.625s] -- Up-to-date: /home/wjy/mycode/arn_control/convert_lcm_to_ros/install/lcm2ros/share/lcm2ros/local_setup.zsh
[0.625s] -- Installing: /home/wjy/mycode/arn_control/convert_lcm_to_ros/install/lcm2ros/share/lcm2ros/local_setup.dsv
[0.625s] -- Installing: /home/wjy/mycode/arn_control/convert_lcm_to_ros/install/lcm2ros/share/lcm2ros/package.dsv
[0.625s] -- Up-to-date: /home/wjy/mycode/arn_control/convert_lcm_to_ros/install/lcm2ros/share/ament_index/resource_index/packages/lcm2ros
[0.625s] -- Up-to-date: /home/wjy/mycode/arn_control/convert_lcm_to_ros/install/lcm2ros/share/lcm2ros/cmake/lcm2rosConfig.cmake
[0.625s] -- Up-to-date: /home/wjy/mycode/arn_control/convert_lcm_to_ros/install/lcm2ros/share/lcm2ros/cmake/lcm2rosConfig-version.cmake
[0.625s] -- Up-to-date: /home/wjy/mycode/arn_control/convert_lcm_to_ros/install/lcm2ros/share/lcm2ros/package.xml
[0.627s] Invoked command in '/home/wjy/mycode/arn_control/convert_lcm_to_ros/build/lcm2ros' returned '0': CMAKE_PREFIX_PATH=${CMAKE_PREFIX_PATH}:/opt/ros/humble /usr/bin/cmake --install /home/wjy/mycode/arn_control/convert_lcm_to_ros/build/lcm2ros
