[0.010s] Invoking command in '/home/wjy/mycode/arn_control/convert_lcm_to_ros/build/lcm2ros': CMAKE_PREFIX_PATH=${CMAKE_PREFIX_PATH}:/opt/ros/humble /usr/bin/cmake --build /home/wjy/mycode/arn_control/convert_lcm_to_ros/build/lcm2ros -- -j20 -l20
[0.068s] Built target ament_cmake_python_copy_lcm2ros
[0.238s] running egg_info
[0.239s] writing lcm2ros.egg-info/PKG-INFO
[0.239s] writing dependency_links to lcm2ros.egg-info/dependency_links.txt
[0.239s] writing top-level names to lcm2ros.egg-info/top_level.txt
[0.240s] reading manifest file 'lcm2ros.egg-info/SOURCES.txt'
[0.240s] writing manifest file 'lcm2ros.egg-info/SOURCES.txt'
[0.261s] Built target ament_cmake_python_build_lcm2ros_egg
[0.272s] Invoked command in '/home/wjy/mycode/arn_control/convert_lcm_to_ros/build/lcm2ros' returned '0': CMAKE_PREFIX_PATH=${CMAKE_PREFIX_PATH}:/opt/ros/humble /usr/bin/cmake --build /home/wjy/mycode/arn_control/convert_lcm_to_ros/build/lcm2ros -- -j20 -l20
[0.285s] Invoking command in '/home/wjy/mycode/arn_control/convert_lcm_to_ros/build/lcm2ros': CMAKE_PREFIX_PATH=${CMAKE_PREFIX_PATH}:/opt/ros/humble /usr/bin/cmake --install /home/wjy/mycode/arn_control/convert_lcm_to_ros/build/lcm2ros
[0.295s] -- Install configuration: ""
[0.295s] -- Up-to-date: /home/wjy/mycode/arn_control/convert_lcm_to_ros/install/lcm2ros/share/lcm2ros/environment/pythonpath.sh
[0.295s] -- Up-to-date: /home/wjy/mycode/arn_control/convert_lcm_to_ros/install/lcm2ros/share/lcm2ros/environment/pythonpath.dsv
[0.295s] -- Up-to-date: /home/wjy/mycode/arn_control/convert_lcm_to_ros/install/lcm2ros/local/lib/python3.10/dist-packages/lcm2ros-0.0.0-py3.10.egg-info
[0.295s] -- Installing: /home/wjy/mycode/arn_control/convert_lcm_to_ros/install/lcm2ros/local/lib/python3.10/dist-packages/lcm2ros-0.0.0-py3.10.egg-info/dependency_links.txt
[0.295s] -- Installing: /home/wjy/mycode/arn_control/convert_lcm_to_ros/install/lcm2ros/local/lib/python3.10/dist-packages/lcm2ros-0.0.0-py3.10.egg-info/PKG-INFO
[0.295s] -- Installing: /home/wjy/mycode/arn_control/convert_lcm_to_ros/install/lcm2ros/local/lib/python3.10/dist-packages/lcm2ros-0.0.0-py3.10.egg-info/top_level.txt
[0.296s] -- Installing: /home/wjy/mycode/arn_control/convert_lcm_to_ros/install/lcm2ros/local/lib/python3.10/dist-packages/lcm2ros-0.0.0-py3.10.egg-info/SOURCES.txt
[0.296s] -- Up-to-date: /home/wjy/mycode/arn_control/convert_lcm_to_ros/install/lcm2ros/local/lib/python3.10/dist-packages/lcm2ros
[0.296s] -- Up-to-date: /home/wjy/mycode/arn_control/convert_lcm_to_ros/install/lcm2ros/local/lib/python3.10/dist-packages/lcm2ros/__init__.py
[0.334s] Listing '/home/wjy/mycode/arn_control/convert_lcm_to_ros/install/lcm2ros/local/lib/python3.10/dist-packages/lcm2ros'...
[0.337s] -- Installing: /home/wjy/mycode/arn_control/convert_lcm_to_ros/install/lcm2ros/lib/lcm2ros/lcm2ros.py
[0.337s] -- Up-to-date: /home/wjy/mycode/arn_control/convert_lcm_to_ros/install/lcm2ros/share/ament_index/resource_index/package_run_dependencies/lcm2ros
[0.337s] -- Up-to-date: /home/wjy/mycode/arn_control/convert_lcm_to_ros/install/lcm2ros/share/ament_index/resource_index/parent_prefix_path/lcm2ros
[0.337s] -- Up-to-date: /home/wjy/mycode/arn_control/convert_lcm_to_ros/install/lcm2ros/share/lcm2ros/environment/ament_prefix_path.sh
[0.337s] -- Up-to-date: /home/wjy/mycode/arn_control/convert_lcm_to_ros/install/lcm2ros/share/lcm2ros/environment/ament_prefix_path.dsv
[0.337s] -- Up-to-date: /home/wjy/mycode/arn_control/convert_lcm_to_ros/install/lcm2ros/share/lcm2ros/environment/path.sh
[0.337s] -- Up-to-date: /home/wjy/mycode/arn_control/convert_lcm_to_ros/install/lcm2ros/share/lcm2ros/environment/path.dsv
[0.337s] -- Up-to-date: /home/wjy/mycode/arn_control/convert_lcm_to_ros/install/lcm2ros/share/lcm2ros/local_setup.bash
[0.338s] -- Up-to-date: /home/wjy/mycode/arn_control/convert_lcm_to_ros/install/lcm2ros/share/lcm2ros/local_setup.sh
[0.338s] -- Up-to-date: /home/wjy/mycode/arn_control/convert_lcm_to_ros/install/lcm2ros/share/lcm2ros/local_setup.zsh
[0.338s] -- Up-to-date: /home/wjy/mycode/arn_control/convert_lcm_to_ros/install/lcm2ros/share/lcm2ros/local_setup.dsv
[0.338s] -- Installing: /home/wjy/mycode/arn_control/convert_lcm_to_ros/install/lcm2ros/share/lcm2ros/package.dsv
[0.338s] -- Up-to-date: /home/wjy/mycode/arn_control/convert_lcm_to_ros/install/lcm2ros/share/ament_index/resource_index/packages/lcm2ros
[0.338s] -- Up-to-date: /home/wjy/mycode/arn_control/convert_lcm_to_ros/install/lcm2ros/share/lcm2ros/cmake/lcm2rosConfig.cmake
[0.338s] -- Up-to-date: /home/wjy/mycode/arn_control/convert_lcm_to_ros/install/lcm2ros/share/lcm2ros/cmake/lcm2rosConfig-version.cmake
[0.339s] -- Up-to-date: /home/wjy/mycode/arn_control/convert_lcm_to_ros/install/lcm2ros/share/lcm2ros/package.xml
[0.340s] Invoked command in '/home/wjy/mycode/arn_control/convert_lcm_to_ros/build/lcm2ros' returned '0': CMAKE_PREFIX_PATH=${CMAKE_PREFIX_PATH}:/opt/ros/humble /usr/bin/cmake --install /home/wjy/mycode/arn_control/convert_lcm_to_ros/build/lcm2ros
